<?xml version="1.0" encoding="UTF-8"?>
<!-- Generated by org.testng.reporters.JUnitXMLReporter -->
<testsuite ignored="0" hostname="DESKTOP-V0D06AI" failures="0" tests="3" name="Default test" time="10.521" errors="0" timestamp="2023-12-22T20:34:10 IST">
  <testcase classname="Hexa.Rest_Assured_API.TC007_Datadriven_with_Dataprovider" name="postnewEmployees" time="5.718"/>
  <testcase classname="Hexa.Rest_Assured_API.TC007_Datadriven_with_Dataprovider" name="postnewEmployees" time="1.867"/>
  <testcase classname="Hexa.Rest_Assured_API.TC007_Datadriven_with_Dataprovider" name="postnewEmployees" time="2.879"/>
</testsuite> <!-- Default test -->
